android/app/build/intermediates/manifest_merge_blame_file/release/manifest-merger-blame-release-report.txt
1<?xml version="1.0" encoding="utf-8"?>
2<manifest xmlns:android="http://schemas.android.com/apk/res/android"
3    package="com.comviva.demo"
4    android:versionCode="3"
5    android:versionName="1.2" >
6
7    <uses-sdk
8        android:minSdkVersion="21"
8-->src/main/AndroidManifest.xml
9        android:targetSdkVersion="31" />
9-->src/main/AndroidManifest.xml
10
11    <uses-permission android:name="android.permission.ACCESS_NETWORK_STATE" />
11-->src/main/AndroidManifest.xml:4:5-79
11-->src/main/AndroidManifest.xml:4:22-76
12    <uses-permission android:name="android.permission.INTERNET" />
12-->src/main/AndroidManifest.xml:5:5-67
12-->src/main/AndroidManifest.xml:5:22-64
13    <uses-permission android:name="android.permission.CAMERA" />
13-->src/main/AndroidManifest.xml:6:5-64
13-->src/main/AndroidManifest.xml:6:22-62
14    <uses-permission android:name="android.permission.USE_BIOMETRIC" />
14-->src/main/AndroidManifest.xml:7:5-72
14-->src/main/AndroidManifest.xml:7:22-69
15    <uses-permission android:name="android.permission.USE_FINGERPRINT" />
15-->src/main/AndroidManifest.xml:8:5-74
15-->src/main/AndroidManifest.xml:8:22-71
16    <uses-permission android:name="android.permission.ACCESS_FINE_LOCATION" />
16-->src/main/AndroidManifest.xml:9:5-79
16-->src/main/AndroidManifest.xml:9:22-76
17    <uses-permission android:name="android.permission.READ_EXTERNAL_STORAGE" />
17-->src/main/AndroidManifest.xml:11:5-80
17-->src/main/AndroidManifest.xml:11:22-77
18    <uses-permission android:name="android.permission.WRITE_EXTERNAL_STORAGE" />
18-->src/main/AndroidManifest.xml:12:5-81
18-->src/main/AndroidManifest.xml:12:22-78
19    <uses-permission android:name="android.permission.DOWNLOAD_WITHOUT_NOTIFICATION" />
19-->src/main/AndroidManifest.xml:13:5-88
19-->src/main/AndroidManifest.xml:13:22-85
20    <uses-permission android:name="android.permission.READ_CONTACTS" />
20-->src/main/AndroidManifest.xml:15:5-72
20-->src/main/AndroidManifest.xml:15:22-69
21
22    <uses-feature
22-->src/main/AndroidManifest.xml:17:5-85
23        android:name="android.hardware.camera"
23-->src/main/AndroidManifest.xml:17:19-57
24        android:required="false" />
24-->src/main/AndroidManifest.xml:17:58-82
25    <uses-feature
25-->src/main/AndroidManifest.xml:18:5-91
26        android:name="android.hardware.camera.front"
26-->src/main/AndroidManifest.xml:18:19-63
27        android:required="false" />
27-->src/main/AndroidManifest.xml:18:64-88
28
29    <uses-permission android:name="android.permission.ACCESS_WIFI_STATE" />
29-->[:react-native-community_netinfo] AndroidManifest.xml:10:5-76
29-->[:react-native-community_netinfo] AndroidManifest.xml:10:22-73
30    <uses-permission android:name="android.permission.WAKE_LOCK" />
30-->[:react-native-firebase_analytics] AndroidManifest.xml:11:5-68
30-->[:react-native-firebase_analytics] AndroidManifest.xml:11:22-65
31
32    <queries>
32-->[:react-native-auth0] AndroidManifest.xml:14:5-22:15
33        <intent>
33-->[:react-native-auth0] AndroidManifest.xml:15:9-21:18
34            <action android:name="android.intent.action.VIEW" />
34-->[:react-native-auth0] AndroidManifest.xml:16:13-65
34-->[:react-native-auth0] AndroidManifest.xml:16:21-62
35
36            <category android:name="android.intent.category.BROWSABLE" />
36-->[:react-native-auth0] AndroidManifest.xml:18:13-74
36-->[:react-native-auth0] AndroidManifest.xml:18:23-71
37
38            <data android:scheme="https" />
38-->[:react-native-auth0] AndroidManifest.xml:20:13-44
38-->[:react-native-auth0] AndroidManifest.xml:20:19-41
39        </intent>
40        <intent>
40-->[:react-native-image-crop-picker] AndroidManifest.xml:10:9-12:18
41            <action android:name="android.media.action.IMAGE_CAPTURE" />
41-->[:react-native-image-crop-picker] AndroidManifest.xml:11:13-73
41-->[:react-native-image-crop-picker] AndroidManifest.xml:11:21-70
42        </intent>
43        <intent>
43-->[com.google.firebase:firebase-inappmessaging-display:20.1.2] AndroidManifest.xml:15:9-19:18
44            <action android:name="android.intent.action.VIEW" />
44-->[:react-native-auth0] AndroidManifest.xml:16:13-65
44-->[:react-native-auth0] AndroidManifest.xml:16:21-62
45
46            <data android:scheme="https" />
46-->[:react-native-auth0] AndroidManifest.xml:20:13-44
46-->[:react-native-auth0] AndroidManifest.xml:20:19-41
47        </intent> <!-- End of browser content -->
48        <!-- For CustomTabsService -->
49        <intent>
49-->[com.google.android.gms:play-services-ads-lite:20.6.0] AndroidManifest.xml:40:9-42:18
50            <action android:name="android.support.customtabs.action.CustomTabsService" />
50-->[com.google.android.gms:play-services-ads-lite:20.6.0] AndroidManifest.xml:41:13-90
50-->[com.google.android.gms:play-services-ads-lite:20.6.0] AndroidManifest.xml:41:21-87
51        </intent>
52        <intent>
52-->[androidx.camera:camera-extensions:1.1.0-beta02] AndroidManifest.xml:25:9-27:18
53            <action android:name="androidx.camera.extensions.action.VENDOR_ACTION" />
53-->[androidx.camera:camera-extensions:1.1.0-beta02] AndroidManifest.xml:26:13-86
53-->[androidx.camera:camera-extensions:1.1.0-beta02] AndroidManifest.xml:26:21-83
54        </intent> <!-- Needs to be explicitly declared on Android R+ -->
55        <package android:name="com.google.android.apps.maps" />
55-->[com.google.android.gms:play-services-maps:18.0.2] AndroidManifest.xml:33:9-64
55-->[com.google.android.gms:play-services-maps:18.0.2] AndroidManifest.xml:33:18-61
56    </queries>
57
58    <uses-permission android:name="android.permission.ACCESS_COARSE_LOCATION" />
58-->[:react-native-maps] AndroidManifest.xml:10:5-81
58-->[:react-native-maps] AndroidManifest.xml:10:22-78
59    <uses-permission android:name="android.permission.FOREGROUND_SERVICE" /> <!-- Required to access Google Play Licensing -->
59-->[:react-native-track-player] AndroidManifest.xml:10:5-77
59-->[:react-native-track-player] AndroidManifest.xml:10:22-74
60    <uses-permission android:name="com.android.vending.CHECK_LICENSE" /> <!-- Required by older versions of Google Play services to create IID tokens -->
60-->[:rn-fetch-blob] AndroidManifest.xml:10:5-73
60-->[:rn-fetch-blob] AndroidManifest.xml:10:22-70
61    <uses-permission android:name="com.google.android.c2dm.permission.RECEIVE" />
61-->[com.google.firebase:firebase-messaging:23.0.5] AndroidManifest.xml:28:5-82
61-->[com.google.firebase:firebase-messaging:23.0.5] AndroidManifest.xml:28:22-79
62    <uses-permission android:name="com.google.android.gms.permission.AD_ID" />
62-->[com.google.android.gms:play-services-ads-lite:20.6.0] AndroidManifest.xml:25:5-79
62-->[com.google.android.gms:play-services-ads-lite:20.6.0] AndroidManifest.xml:25:22-76
63    <uses-permission android:name="com.google.android.finsky.permission.BIND_GET_INSTALL_REFERRER_SERVICE" />
63-->[com.google.android.gms:play-services-measurement:21.0.0] AndroidManifest.xml:26:5-110
63-->[com.google.android.gms:play-services-measurement:21.0.0] AndroidManifest.xml:26:22-107
64
65    <uses-feature
65-->[com.google.android.gms:play-services-maps:18.0.2] AndroidManifest.xml:26:5-28:35
66        android:glEsVersion="0x00020000"
66-->[com.google.android.gms:play-services-maps:18.0.2] AndroidManifest.xml:27:9-41
67        android:required="true" />
67-->[com.google.android.gms:play-services-maps:18.0.2] AndroidManifest.xml:28:9-32
68
69    <uses-permission android:name="android.permission.RECEIVE_BOOT_COMPLETED" />
69-->[androidx.work:work-runtime:2.7.1] AndroidManifest.xml:27:5-81
69-->[androidx.work:work-runtime:2.7.1] AndroidManifest.xml:27:22-78
70
71    <application
71-->src/main/AndroidManifest.xml:20:5-45:19
72        android:name="com.comviva.demo.MainApplication"
72-->src/main/AndroidManifest.xml:21:7-38
73        android:allowBackup="false"
73-->src/main/AndroidManifest.xml:24:7-34
74        android:appComponentFactory="androidx.core.app.CoreComponentFactory"
74-->[androidx.core:core:1.7.0] AndroidManifest.xml:24:18-86
75        android:icon="@mipmap/ic_launcher"
75-->src/main/AndroidManifest.xml:23:7-41
76        android:label="@string/app_name"
76-->src/main/AndroidManifest.xml:22:7-39
77        android:theme="@style/AppTheme"
77-->src/main/AndroidManifest.xml:25:7-38
78        android:usesCleartextTraffic="true" >
78-->src/main/AndroidManifest.xml:26:7-42
79        <activity
79-->src/main/AndroidManifest.xml:27:7-40:18
80            android:name="com.comviva.demo.MainActivity"
80-->src/main/AndroidManifest.xml:28:9-37
81            android:configChanges="keyboard|keyboardHidden|orientation|screenLayout|screenSize|smallestScreenSize|uiMode"
81-->src/main/AndroidManifest.xml:31:9-118
82            android:exported="true"
82-->src/main/AndroidManifest.xml:34:9-32
83            android:label="@string/app_name"
83-->src/main/AndroidManifest.xml:29:9-41
84            android:launchMode="singleTask"
84-->src/main/AndroidManifest.xml:32:9-40
85            android:theme="@style/SplashTheme"
85-->src/main/AndroidManifest.xml:30:9-43
86            android:windowSoftInputMode="adjustResize" >
86-->src/main/AndroidManifest.xml:33:9-51
87            <intent-filter>
87-->src/main/AndroidManifest.xml:35:9-39:25
88                <action android:name="android.intent.action.MAIN" />
88-->src/main/AndroidManifest.xml:36:13-65
88-->src/main/AndroidManifest.xml:36:21-62
89
90                <category android:name="android.intent.category.LAUNCHER" />
90-->src/main/AndroidManifest.xml:37:13-73
90-->src/main/AndroidManifest.xml:37:23-70
91
92                <action android:name="android.intent.action.DOWNLOAD_COMPLETE" />
92-->src/main/AndroidManifest.xml:38:13-77
92-->src/main/AndroidManifest.xml:38:21-75
93            </intent-filter>
94        </activity>
95
96        <meta-data
96-->src/main/AndroidManifest.xml:42:7-44:63
97            android:name="com.google.android.geo.API_KEY"
97-->src/main/AndroidManifest.xml:43:5-50
98            android:value="AIzaSyC2zkwJbikhDYdc9bXKMh1vWNMtaL4LolA" />
98-->src/main/AndroidManifest.xml:44:5-60
99        <meta-data
99-->[:react-native-firebase_analytics] AndroidManifest.xml:14:9-16:36
100            android:name="firebase_analytics_collection_enabled"
100-->[:react-native-firebase_analytics] AndroidManifest.xml:15:13-65
101            android:value="true" />
101-->[:react-native-firebase_analytics] AndroidManifest.xml:16:13-33
102        <meta-data
102-->[:react-native-firebase_analytics] AndroidManifest.xml:17:9-19:37
103            android:name="firebase_analytics_collection_deactivated"
103-->[:react-native-firebase_analytics] AndroidManifest.xml:18:13-69
104            android:value="false" />
104-->[:react-native-firebase_analytics] AndroidManifest.xml:19:13-34
105        <meta-data
105-->[:react-native-firebase_analytics] AndroidManifest.xml:20:9-22:36
106            android:name="google_analytics_adid_collection_enabled"
106-->[:react-native-firebase_analytics] AndroidManifest.xml:21:13-68
107            android:value="true" />
107-->[:react-native-firebase_analytics] AndroidManifest.xml:22:13-33
108        <meta-data
108-->[:react-native-firebase_analytics] AndroidManifest.xml:23:9-25:36
109            android:name="google_analytics_ssaid_collection_enabled"
109-->[:react-native-firebase_analytics] AndroidManifest.xml:24:13-69
110            android:value="true" />
110-->[:react-native-firebase_analytics] AndroidManifest.xml:25:13-33
111        <meta-data
111-->[:react-native-firebase_analytics] AndroidManifest.xml:26:9-28:36
112            android:name="google_analytics_default_allow_ad_personalization_signals"
112-->[:react-native-firebase_analytics] AndroidManifest.xml:27:13-85
113            android:value="true" />
113-->[:react-native-firebase_analytics] AndroidManifest.xml:28:13-33
114        <meta-data
114-->[:react-native-firebase_analytics] AndroidManifest.xml:29:9-31:36
115            android:name="google_analytics_automatic_screen_reporting_enabled"
115-->[:react-native-firebase_analytics] AndroidManifest.xml:30:13-79
116            android:value="true" /> <!-- Disable crashlytics by default so we can custom init with CrashlyticsNdk support -->
116-->[:react-native-firebase_analytics] AndroidManifest.xml:31:13-33
117        <meta-data
117-->[:react-native-firebase_crashlytics] AndroidManifest.xml:12:9-14:37
118            android:name="firebase_crashlytics_collection_enabled"
118-->[:react-native-firebase_crashlytics] AndroidManifest.xml:13:13-67
119            android:value="false" />
119-->[:react-native-firebase_crashlytics] AndroidManifest.xml:14:13-34
120
121        <provider
121-->[:react-native-firebase_crashlytics] AndroidManifest.xml:16:9-20:38
122            android:name="io.invertase.firebase.crashlytics.ReactNativeFirebaseCrashlyticsInitProvider"
122-->[:react-native-firebase_crashlytics] AndroidManifest.xml:17:13-104
123            android:authorities="com.comviva.demo.reactnativefirebasecrashlyticsinitprovider"
123-->[:react-native-firebase_crashlytics] AndroidManifest.xml:18:13-94
124            android:exported="false"
124-->[:react-native-firebase_crashlytics] AndroidManifest.xml:19:13-37
125            android:initOrder="98" />
125-->[:react-native-firebase_crashlytics] AndroidManifest.xml:20:13-35
126
127        <meta-data
127-->[:react-native-firebase_in-app-messaging] AndroidManifest.xml:10:9-12:36
128            android:name="in_app_messaging_auto_collection_enabled"
128-->[:react-native-firebase_in-app-messaging] AndroidManifest.xml:11:13-68
129            android:value="true" />
129-->[:react-native-firebase_in-app-messaging] AndroidManifest.xml:12:13-33
130
131        <service android:name="io.invertase.firebase.messaging.ReactNativeFirebaseMessagingHeadlessService" />
131-->[:react-native-firebase_messaging] AndroidManifest.xml:14:9-111
131-->[:react-native-firebase_messaging] AndroidManifest.xml:14:18-108
132        <service
132-->[:react-native-firebase_messaging] AndroidManifest.xml:15:9-21:19
133            android:name="io.invertase.firebase.messaging.ReactNativeFirebaseMessagingService"
133-->[:react-native-firebase_messaging] AndroidManifest.xml:16:13-95
134            android:exported="false" >
134-->[:react-native-firebase_messaging] AndroidManifest.xml:17:13-37
135            <intent-filter>
135-->[:react-native-firebase_messaging] AndroidManifest.xml:18:13-20:29
136                <action android:name="com.google.firebase.MESSAGING_EVENT" />
136-->[:react-native-firebase_messaging] AndroidManifest.xml:19:17-78
136-->[:react-native-firebase_messaging] AndroidManifest.xml:19:25-75
137            </intent-filter>
138        </service>
139
140        <receiver
140-->[:react-native-firebase_messaging] AndroidManifest.xml:23:9-30:20
141            android:name="io.invertase.firebase.messaging.ReactNativeFirebaseMessagingReceiver"
141-->[:react-native-firebase_messaging] AndroidManifest.xml:24:13-96
142            android:exported="true"
142-->[:react-native-firebase_messaging] AndroidManifest.xml:25:13-36
143            android:permission="com.google.android.c2dm.permission.SEND" >
143-->[:react-native-firebase_messaging] AndroidManifest.xml:26:13-73
144            <intent-filter>
144-->[:react-native-firebase_messaging] AndroidManifest.xml:27:13-29:29
145                <action android:name="com.google.android.c2dm.intent.RECEIVE" />
145-->[:react-native-firebase_messaging] AndroidManifest.xml:28:17-81
145-->[:react-native-firebase_messaging] AndroidManifest.xml:28:25-78
146            </intent-filter>
147        </receiver>
148
149        <meta-data
149-->[:react-native-firebase_messaging] AndroidManifest.xml:32:9-34:36
150            android:name="firebase_messaging_auto_init_enabled"
150-->[:react-native-firebase_messaging] AndroidManifest.xml:33:13-64
151            android:value="true" />
151-->[:react-native-firebase_messaging] AndroidManifest.xml:34:13-33
152        <meta-data
152-->[:react-native-firebase_messaging] AndroidManifest.xml:35:9-37:32
153            android:name="com.google.firebase.messaging.default_notification_channel_id"
153-->[:react-native-firebase_messaging] AndroidManifest.xml:36:13-89
154            android:value="" />
154-->[:react-native-firebase_messaging] AndroidManifest.xml:37:13-29
155        <meta-data
155-->[:react-native-firebase_messaging] AndroidManifest.xml:38:9-40:47
156            android:name="com.google.firebase.messaging.default_notification_color"
156-->[:react-native-firebase_messaging] AndroidManifest.xml:39:13-84
157            android:resource="@color/white" />
157-->[:react-native-firebase_messaging] AndroidManifest.xml:40:13-44
158        <meta-data
158-->[:react-native-firebase_perf] AndroidManifest.xml:10:9-12:36
159            android:name="firebase_performance_collection_enabled"
159-->[:react-native-firebase_perf] AndroidManifest.xml:11:13-67
160            android:value="true" />
160-->[:react-native-firebase_perf] AndroidManifest.xml:12:13-33
161        <meta-data
161-->[:react-native-firebase_perf] AndroidManifest.xml:13:9-15:37
162            android:name="firebase_performance_collection_deactivated"
162-->[:react-native-firebase_perf] AndroidManifest.xml:14:13-71
163            android:value="false" />
163-->[:react-native-firebase_perf] AndroidManifest.xml:15:13-34
164        <meta-data
164-->[:react-native-firebase_app] AndroidManifest.xml:10:9-12:36
165            android:name="app_data_collection_default_enabled"
165-->[:react-native-firebase_app] AndroidManifest.xml:11:13-63
166            android:value="true" />
166-->[:react-native-firebase_app] AndroidManifest.xml:12:13-33
167
168        <service
168-->[:react-native-firebase_app] AndroidManifest.xml:14:9-18:19
169            android:name="com.google.firebase.components.ComponentDiscoveryService"
169-->[:react-native-firebase_app] AndroidManifest.xml:14:18-89
170            android:directBootAware="true"
170-->[com.google.firebase:firebase-common:20.1.1] AndroidManifest.xml:35:13-43
171            android:exported="false" >
171-->[com.google.firebase:firebase-inappmessaging-display:20.1.2] AndroidManifest.xml:25:13-37
172            <meta-data
172-->[:react-native-firebase_app] AndroidManifest.xml:15:13-17:85
173                android:name="com.google.firebase.components:io.invertase.firebase.app.ReactNativeFirebaseAppRegistrar"
173-->[:react-native-firebase_app] AndroidManifest.xml:16:17-120
174                android:value="com.google.firebase.components.ComponentRegistrar" />
174-->[:react-native-firebase_app] AndroidManifest.xml:17:17-82
175            <meta-data
175-->[com.google.firebase:firebase-inappmessaging-display:20.1.2] AndroidManifest.xml:26:13-28:85
176                android:name="com.google.firebase.components:com.google.firebase.inappmessaging.display.FirebaseInAppMessagingDisplayRegistrar"
176-->[com.google.firebase:firebase-inappmessaging-display:20.1.2] AndroidManifest.xml:27:17-144
177                android:value="com.google.firebase.components.ComponentRegistrar" />
177-->[com.google.firebase:firebase-inappmessaging-display:20.1.2] AndroidManifest.xml:28:17-82
178            <meta-data
178-->[com.google.firebase:firebase-perf:20.1.0] AndroidManifest.xml:23:13-25:85
179                android:name="com.google.firebase.components:com.google.firebase.perf.FirebasePerfRegistrar"
179-->[com.google.firebase:firebase-perf:20.1.0] AndroidManifest.xml:24:17-109
180                android:value="com.google.firebase.components.ComponentRegistrar" />
180-->[com.google.firebase:firebase-perf:20.1.0] AndroidManifest.xml:25:17-82
181            <meta-data
181-->[com.google.firebase:firebase-inappmessaging:20.1.2] AndroidManifest.xml:17:13-19:85
182                android:name="com.google.firebase.components:com.google.firebase.inappmessaging.FirebaseInAppMessagingRegistrar"
182-->[com.google.firebase:firebase-inappmessaging:20.1.2] AndroidManifest.xml:18:17-129
183                android:value="com.google.firebase.components.ComponentRegistrar" />
183-->[com.google.firebase:firebase-inappmessaging:20.1.2] AndroidManifest.xml:19:17-82
184            <meta-data
184-->[com.google.firebase:firebase-messaging:23.0.5] AndroidManifest.xml:55:13-57:85
185                android:name="com.google.firebase.components:com.google.firebase.messaging.FirebaseMessagingRegistrar"
185-->[com.google.firebase:firebase-messaging:23.0.5] AndroidManifest.xml:56:17-119
186                android:value="com.google.firebase.components.ComponentRegistrar" />
186-->[com.google.firebase:firebase-messaging:23.0.5] AndroidManifest.xml:57:17-82
187            <meta-data
187-->[com.google.firebase:firebase-crashlytics-ndk:18.2.11] AndroidManifest.xml:35:13-37:85
188                android:name="com.google.firebase.components:com.google.firebase.crashlytics.ndk.CrashlyticsNdkRegistrar"
188-->[com.google.firebase:firebase-crashlytics-ndk:18.2.11] AndroidManifest.xml:36:17-122
189                android:value="com.google.firebase.components.ComponentRegistrar" />
189-->[com.google.firebase:firebase-crashlytics-ndk:18.2.11] AndroidManifest.xml:37:17-82
190            <meta-data
190-->[com.google.firebase:firebase-crashlytics:18.2.11] AndroidManifest.xml:18:13-20:85
191                android:name="com.google.firebase.components:com.google.firebase.crashlytics.CrashlyticsRegistrar"
191-->[com.google.firebase:firebase-crashlytics:18.2.11] AndroidManifest.xml:19:17-115
192                android:value="com.google.firebase.components.ComponentRegistrar" />
192-->[com.google.firebase:firebase-crashlytics:18.2.11] AndroidManifest.xml:20:17-82
193            <meta-data
193-->[com.google.firebase:firebase-datatransport:18.1.4] AndroidManifest.xml:28:13-30:85
194                android:name="com.google.firebase.components:com.google.firebase.datatransport.TransportRegistrar"
194-->[com.google.firebase:firebase-datatransport:18.1.4] AndroidManifest.xml:29:17-115
195                android:value="com.google.firebase.components.ComponentRegistrar" />
195-->[com.google.firebase:firebase-datatransport:18.1.4] AndroidManifest.xml:30:17-82
196            <meta-data
196-->[com.google.firebase:firebase-config:21.1.0] AndroidManifest.xml:32:13-34:85
197                android:name="com.google.firebase.components:com.google.firebase.remoteconfig.RemoteConfigRegistrar"
197-->[com.google.firebase:firebase-config:21.1.0] AndroidManifest.xml:33:17-117
198                android:value="com.google.firebase.components.ComponentRegistrar" />
198-->[com.google.firebase:firebase-config:21.1.0] AndroidManifest.xml:34:17-82
199            <meta-data
199-->[com.google.android.gms:play-services-measurement-api:21.0.0] AndroidManifest.xml:31:13-33:85
200                android:name="com.google.firebase.components:com.google.firebase.analytics.connector.internal.AnalyticsConnectorRegistrar"
200-->[com.google.android.gms:play-services-measurement-api:21.0.0] AndroidManifest.xml:32:17-139
201                android:value="com.google.firebase.components.ComponentRegistrar" />
201-->[com.google.android.gms:play-services-measurement-api:21.0.0] AndroidManifest.xml:33:17-82
202            <meta-data
202-->[com.google.firebase:firebase-installations:17.0.1] AndroidManifest.xml:18:13-20:85
203                android:name="com.google.firebase.components:com.google.firebase.installations.FirebaseInstallationsRegistrar"
203-->[com.google.firebase:firebase-installations:17.0.1] AndroidManifest.xml:19:17-127
204                android:value="com.google.firebase.components.ComponentRegistrar" />
204-->[com.google.firebase:firebase-installations:17.0.1] AndroidManifest.xml:20:17-82
205            <meta-data
205-->[com.google.firebase:firebase-abt:21.0.1] AndroidManifest.xml:13:13-15:85
206                android:name="com.google.firebase.components:com.google.firebase.abt.component.AbtRegistrar"
206-->[com.google.firebase:firebase-abt:21.0.1] AndroidManifest.xml:14:17-109
207                android:value="com.google.firebase.components.ComponentRegistrar" />
207-->[com.google.firebase:firebase-abt:21.0.1] AndroidManifest.xml:15:17-82
208        </service>
209
210        <provider
210-->[:react-native-firebase_app] AndroidManifest.xml:20:9-24:38
211            android:name="io.invertase.firebase.app.ReactNativeFirebaseAppInitProvider"
211-->[:react-native-firebase_app] AndroidManifest.xml:21:13-88
212            android:authorities="com.comviva.demo.reactnativefirebaseappinitprovider"
212-->[:react-native-firebase_app] AndroidManifest.xml:22:13-86
213            android:exported="false"
213-->[:react-native-firebase_app] AndroidManifest.xml:23:13-37
214            android:initOrder="99" />
214-->[:react-native-firebase_app] AndroidManifest.xml:24:13-35
215
216        <activity
216-->[:react-native-auth0] AndroidManifest.xml:25:9-29:75
217            android:name="com.auth0.react.AuthenticationActivity"
217-->[:react-native-auth0] AndroidManifest.xml:26:13-66
218            android:exported="false"
218-->[:react-native-auth0] AndroidManifest.xml:27:13-37
219            android:launchMode="singleTask"
219-->[:react-native-auth0] AndroidManifest.xml:28:13-44
220            android:theme="@android:style/Theme.Translucent.NoTitleBar" />
220-->[:react-native-auth0] AndroidManifest.xml:29:13-72
221        <activity
221-->[:react-native-auth0] AndroidManifest.xml:30:9-46:20
222            android:name="com.auth0.react.RedirectActivity"
222-->[:react-native-auth0] AndroidManifest.xml:31:13-60
223            android:exported="true" >
223-->[:react-native-auth0] AndroidManifest.xml:32:13-36
224            <intent-filter android:autoVerify="true" >
224-->[:react-native-auth0] AndroidManifest.xml:33:13-45:29
224-->[:react-native-auth0] AndroidManifest.xml:34:17-42
225                <action android:name="android.intent.action.VIEW" />
225-->[:react-native-auth0] AndroidManifest.xml:16:13-65
225-->[:react-native-auth0] AndroidManifest.xml:16:21-62
226
227                <category android:name="android.intent.category.DEFAULT" />
227-->[:react-native-auth0] AndroidManifest.xml:38:17-76
227-->[:react-native-auth0] AndroidManifest.xml:38:27-73
228                <category android:name="android.intent.category.BROWSABLE" />
228-->[:react-native-auth0] AndroidManifest.xml:18:13-74
228-->[:react-native-auth0] AndroidManifest.xml:18:23-71
229
230                <data
230-->[:react-native-auth0] AndroidManifest.xml:20:13-44
231                    android:host="dev-ub055fhs.us.auth0.com"
232                    android:pathPrefix="/android/com.comviva.demo/callback"
233                    android:scheme="com.comviva.demo" />
233-->[:react-native-auth0] AndroidManifest.xml:20:19-41
234            </intent-filter>
235        </activity>
236
237        <meta-data
237-->[:react-native-google-mobile-ads] AndroidManifest.xml:14:9-16:70
238            android:name="com.google.android.gms.ads.APPLICATION_ID"
238-->[:react-native-google-mobile-ads] AndroidManifest.xml:15:13-69
239            android:value="ca-app-pub-4744892452629867~9171731091" />
239-->[:react-native-google-mobile-ads] AndroidManifest.xml:16:13-67
240        <meta-data
240-->[:react-native-google-mobile-ads] AndroidManifest.xml:17:9-19:37
241            android:name="com.google.android.gms.ads.DELAY_APP_MEASUREMENT_INIT"
241-->[:react-native-google-mobile-ads] AndroidManifest.xml:18:13-81
242            android:value="false" />
242-->[:react-native-google-mobile-ads] AndroidManifest.xml:19:13-34
243
244        <provider
244-->[:react-native-image-crop-picker] AndroidManifest.xml:18:9-26:20
245            android:name="androidx.core.content.FileProvider"
245-->[:react-native-image-crop-picker] AndroidManifest.xml:19:13-62
246            android:authorities="com.comviva.demo.provider"
246-->[:react-native-image-crop-picker] AndroidManifest.xml:20:13-60
247            android:exported="false"
247-->[:react-native-image-crop-picker] AndroidManifest.xml:21:13-37
248            android:grantUriPermissions="true" >
248-->[:react-native-image-crop-picker] AndroidManifest.xml:22:13-47
249            <meta-data
249-->[:react-native-image-crop-picker] AndroidManifest.xml:23:13-25:58
250                android:name="android.support.FILE_PROVIDER_PATHS"
250-->[:react-native-image-crop-picker] AndroidManifest.xml:24:17-67
251                android:resource="@xml/provider_paths" />
251-->[:react-native-image-crop-picker] AndroidManifest.xml:25:17-55
252        </provider>
253
254        <activity
254-->[:react-native-image-crop-picker] AndroidManifest.xml:28:9-30:72
255            android:name="com.yalantis.ucrop.UCropActivity"
255-->[:react-native-image-crop-picker] AndroidManifest.xml:29:13-60
256            android:theme="@style/Theme.AppCompat.Light.NoActionBar" /> <!-- The main service, handles playback, playlists and media buttons -->
256-->[:react-native-image-crop-picker] AndroidManifest.xml:30:13-69
257        <service
257-->[:react-native-track-player] AndroidManifest.xml:15:9-22:19
258            android:name="com.doublesymmetry.trackplayer.service.MusicService"
258-->[:react-native-track-player] AndroidManifest.xml:16:13-79
259            android:enabled="true"
259-->[:react-native-track-player] AndroidManifest.xml:17:13-35
260            android:exported="false" >
260-->[:react-native-track-player] AndroidManifest.xml:18:13-37
261            <intent-filter>
261-->[:react-native-track-player] AndroidManifest.xml:19:13-21:29
262                <action android:name="android.intent.action.MEDIA_BUTTON" />
262-->[:react-native-track-player] AndroidManifest.xml:20:17-77
262-->[:react-native-track-player] AndroidManifest.xml:20:25-74
263            </intent-filter>
264        </service> <!-- A receiver that will receive media buttons. Required on pre-lollipop devices -->
265        <receiver
265-->[:react-native-track-player] AndroidManifest.xml:25:9-31:20
266            android:name="androidx.media.session.MediaButtonReceiver"
266-->[:react-native-track-player] AndroidManifest.xml:26:13-70